c:\users\sajjad\skydrive\seneca\winter 2016\btp305\termproject\termproject\debug\vc120.pdb
c:\users\sajjad\skydrive\seneca\winter 2016\btp305\termproject\termproject\debug\vc120.idb
c:\users\sajjad\skydrive\seneca\winter 2016\btp305\termproject\termproject\debug\assemblyline.obj
c:\users\sajjad\skydrive\seneca\winter 2016\btp305\termproject\termproject\debug\customerorder.obj
c:\users\sajjad\skydrive\seneca\winter 2016\btp305\termproject\termproject\debug\item.obj
c:\users\sajjad\skydrive\seneca\winter 2016\btp305\termproject\termproject\debug\itemmanager.obj
c:\users\sajjad\skydrive\seneca\winter 2016\btp305\termproject\termproject\debug\itemorder.obj
c:\users\sajjad\skydrive\seneca\winter 2016\btp305\termproject\termproject\debug\main4.obj
c:\users\sajjad\skydrive\seneca\winter 2016\btp305\termproject\termproject\debug\ordermanager.obj
c:\users\sajjad\skydrive\seneca\winter 2016\btp305\termproject\termproject\debug\processor.obj
c:\users\sajjad\skydrive\seneca\winter 2016\btp305\termproject\termproject\debug\task.obj
c:\users\sajjad\skydrive\seneca\winter 2016\btp305\termproject\termproject\debug\taskmanager.obj
c:\users\sajjad\skydrive\seneca\winter 2016\btp305\termproject\termproject\debug\utilities.obj
c:\users\sajjad\skydrive\seneca\winter 2016\btp305\termproject\debug\termproject.ilk
c:\users\sajjad\skydrive\seneca\winter 2016\btp305\termproject\debug\termproject.exe
c:\users\sajjad\skydrive\seneca\winter 2016\btp305\termproject\debug\termproject.pdb
c:\users\sajjad\skydrive\seneca\winter 2016\btp305\termproject\termproject\debug\termproject.tlog\cl.command.1.tlog
c:\users\sajjad\skydrive\seneca\winter 2016\btp305\termproject\termproject\debug\termproject.tlog\cl.read.1.tlog
c:\users\sajjad\skydrive\seneca\winter 2016\btp305\termproject\termproject\debug\termproject.tlog\cl.write.1.tlog
c:\users\sajjad\skydrive\seneca\winter 2016\btp305\termproject\termproject\debug\termproject.tlog\link.command.1.tlog
c:\users\sajjad\skydrive\seneca\winter 2016\btp305\termproject\termproject\debug\termproject.tlog\link.read.1.tlog
c:\users\sajjad\skydrive\seneca\winter 2016\btp305\termproject\termproject\debug\termproject.tlog\link.write.1.tlog
